<?xml version="1.0" encoding="UTF-8"?>
<!-- Generated by org.testng.reporters.JUnitReportReporter -->
<testsuite skipped="0" hostname="Kartiks-MacBook-Pro.local" name="com.kartik.services.UserServiceTest" tests="2" failures="0" timestamp="15 May 2018 16:00:04 GMT" time="0.086" errors="0">
  <testcase name="getUserDetails" time="0.018" classname="com.kartik.services.UserServiceTest"/>
  <testcase name="addition" time="0.068" classname="com.kartik.services.UserServiceTest"/>
</testsuite> <!-- com.kartik.services.UserServiceTest -->
